<?xml version="1.0" encoding="UTF-8" ?>
<testsuite tests="5" failures="0" name="SimHashTest" time="0.07" errors="0" skipped="0">
  <properties>
[...]
</properties>
  <testcase classname="SimHashTest" name="MD5_Hashtest" time="0.027"/>
  <testcase classname="SimHashTest" name="HMJLtest" time="0"/>
  <testcase classname="SimHashTest" name="First_FCtest" time="0.025"/>
  <testcase classname="SimHashTest" name="getFileTexttest" time="0.01"/>
  <testcase classname="SimHashTest" name="writeToTxttest" time="0.008"/>
</testsuite>